2020-07-03 20:16:38,410 [      0]   INFO -        #com.intellij.idea.Main - ------------------------------------------------------ IDE STARTED ------------------------------------------------------ 
2020-07-03 20:16:38,444 [     34]   INFO - .intellij.util.EnvironmentUtil - loading shell env: /usr/local/bin/bash -l -i -c '/Users/rfreedman/.gradle/caches/modules-2/files-2.1/com.jetbrains.intellij.idea/ideaIC/2020.1/cbeeb1f1aebd4c9ea8fb5ab990c5904a676fc41a/ideaIC-2020.1/bin/printenv.py' '/private/var/folders/kb/g1yq2x490_lfzr3d3hyfbhhr0000gn/T/intellij-shell-env.tmp' 
2020-07-03 20:16:38,473 [     63]   INFO -        #com.intellij.idea.Main - IDE: IntelliJ IDEA (build #IC-201.6668.121, 08 Apr 2020 11:09) 
2020-07-03 20:16:38,474 [     64]   INFO -        #com.intellij.idea.Main - OS: Mac OS X (10.15.5, x86_64) 
2020-07-03 20:16:38,474 [     64]   INFO -        #com.intellij.idea.Main - JRE: 11.0.6+8-b765.25 (JetBrains s.r.o) 
2020-07-03 20:16:38,474 [     64]   INFO -        #com.intellij.idea.Main - JVM: 11.0.6+8-b765.25 (OpenJDK 64-Bit Server VM) 
2020-07-03 20:16:38,474 [     64]   INFO -        #com.intellij.idea.Main - JVM Args: -Dapple.awt.fileDialogForDirectories=true -Dapple.laf.useScreenMenuBar=true -Didea.auto.reload.plugins=true -Didea.classpath.index.enabled=false -Didea.config.path=/Users/rfreedman/projects/intellij-rubber-duck-plugin-2/build/idea-sandbox/config -Didea.is.internal=true -Didea.platform.prefix=Idea -Didea.plugins.path=/Users/rfreedman/projects/intellij-rubber-duck-plugin-2/build/idea-sandbox/plugins -Didea.required.plugins.id=net.greybeardedgeek.intellij.plugin.rubberDuckToolWindow -Didea.smooth.progress=false -Didea.system.path=/Users/rfreedman/projects/intellij-rubber-duck-plugin-2/build/idea-sandbox/system -Xms256m -Xmx512m -Dfile.encoding=UTF-8 -Duser.country=US -Duser.language=en -Duser.variant -ea 
2020-07-03 20:16:38,475 [     65]   INFO -        #com.intellij.idea.Main - Locale=en_US JNU=UTF-8 file.encoding=UTF-8 
2020-07-03 20:16:38,478 [     68]   INFO - llij.ide.gdpr.EndUserAgreement - /Users/rfreedman/Library/Application Support/JetBrains/PrivacyPolicy/Cached (Permission denied) 
2020-07-03 20:16:38,505 [     95]   INFO -        #com.intellij.idea.Main - JNA library (64-bit) loaded in 58 ms 
2020-07-03 20:16:41,018 [   2608]   INFO - ntellij.idea.ApplicationLoader - CPU cores: 8; ForkJoinPool.commonPool: java.util.concurrent.ForkJoinPool@c1bddf8[Running, parallelism = 7, size = 0, active = 0, running = 0, steals = 0, tasks = 0, submissions = 0]; factory: com.intellij.concurrency.IdeaForkJoinWorkerThreadFactory@787c3d59 
2020-07-03 20:16:41,132 [   2722]   WARN - i.mac.MacOSApplicationProvider - No URL bundle (CFBundleURLTypes) is defined in the main bundle.
To be able to open external links, specify protocols in the app layout section of the build file.
Example: args.urlSchemes = ["your-protocol"] will handle following links: your-protocol://open?file=file&line=line 
2020-07-03 20:16:43,218 [   4808]   INFO - llij.ide.plugins.PluginManager - Plugin org.intellij.groovy misses optional descriptor duplicates-groovy.xml 
2020-07-03 20:16:43,219 [   4809]   INFO - llij.ide.plugins.PluginManager - Plugin org.intellij.groovy misses optional descriptor duplicates-detection-groovy.xml 
2020-07-03 20:16:43,541 [   5131]   INFO - .intellij.util.EnvironmentUtil - shell environment loaded (36 vars) 
2020-07-03 20:16:43,815 [   5405]   INFO - llij.ide.plugins.PluginManager - Plugin com.intellij.java misses optional descriptor profiler-java.xml 
2020-07-03 20:16:43,844 [   5434]   INFO - llij.ide.plugins.PluginManager - Loaded bundled plugins: IDEA CORE (201.6668.121), com.intellij.platform.images (201.6668.121), JetBrains Repository Search (201.6668.121), Subversion (201.6668.121), XPathView + XSLT (201.6668.121), XSLT Debugger (201.6668.121), Smali Support (201.6668.121), Configuration Script (201.6668.121), Copyright (201.6668.121), Java (201.6668.121), Bytecode Viewer (201.6668.121), Git (201.6668.121), ChangeReminder (201.6668.121), Next File Prediction (201.6668.121), JUnit (201.6668.121), Task Management (201.6668.121), GitHub (201.6668.121), IntelliLang (201.6668.121), TestNG (201.6668.121), Code Coverage for Java (201.6668.121), Markdown (201.6668.121), Java IDE Customization (201.6668.121), Java Stream Debugger (201.6668.121), Eclipse Interoperability (201.6668.121), Java Bytecode Decompiler (201.6668.121), Gradle (201.6668.121), macOS Light Theme (201.6668.121), Windows 10 Light Theme (201.6668.121), Properties (201.6668.121), Ant (201.6668.121), Groovy (201.6668.121), Maven (201.6668.121), Gradle-Java (201.6668.121), Gradle-Maven (201.6668.121), Java Internationalization (201.6668.121), Kotlin (1.3.71-release-IJ2020.1-1), UI Designer (201.6668.121), Plugin DevKit (201.6668.121), JavaFX (201.6668.121), Resource Bundle Editor (201.6668.121), Machine Learning Code Completion (201.6668.121), Mercurial (201.6668.121), EditorConfig (201.6668.121), Terminal (201.6668.121), Android (10.3.6 RC 1), Shell Script (201.6668.121), TextMate bundles (201.6668.121), YAML (201.6668.121), Grazie (201.6668.121), Settings Repository (201.6668.121) 
2020-07-03 20:16:43,844 [   5434]   INFO - llij.ide.plugins.PluginManager - Loaded custom plugins: Rubber Duck (2.0.0) 
2020-07-03 20:16:44,445 [   6035]   INFO - m.intellij.ui.mac.touchbar.NST - nst library works properly, successfully created and released native touchbar object 
2020-07-03 20:16:44,586 [   6176]   INFO - ellij.util.io.PagedFileStorage - lower=100; upper=492; buffer=10; max=492 
2020-07-03 20:16:44,623 [   6213]   INFO - tellij.util.io.FileChannelUtil - un-interruptible FileChannel-s will be used for indexes 
2020-07-03 20:16:44,646 [   6236]   INFO - fs.newvfs.persistent.FSRecords - Marking VFS as corrupted: '/Users/rfreedman/projects/intellij-rubber-duck-plugin-2/build/idea-sandbox/system/caches/names.dat' does not exist 
2020-07-03 20:16:44,680 [   6270]   WARN - j.internal.DebugAttachDetector - Unable to start DebugAttachDetector, please add `--add-exports java.base/jdk.internal.vm=ALL-UNNAMED` to VM options 
2020-07-03 20:16:44,701 [   6291]   INFO - rains.ide.BuiltInServerManager - built-in server started, port 63345 
2020-07-03 20:16:44,750 [   6340]   INFO - .history.utils.LocalHistoryLog - local history version mismatch (was: 0, expected: 6), rebuilding... 
2020-07-03 20:16:44,750 [   6340]   INFO - .history.utils.LocalHistoryLog - FS has been rebuild, rebuilding local history... 
2020-07-03 20:16:44,816 [   6406]   INFO - til.net.ssl.CertificateManager - Default SSL context initialized 
2020-07-03 20:16:45,131 [   6721]   INFO - com.intellij.ide.ui.UISettings - Loaded: fontSize=13, fontScale=1.0; restored: fontSize=13, fontScale=1.0 
2020-07-03 20:16:45,299 [   6889]   INFO - stubs.SerializationManagerImpl - Name storage is repaired 
2020-07-03 20:16:45,351 [   6941]   INFO - il.indexing.FileBasedIndexImpl - index version changed for 'FilenameIndex'; old = -1, new = 3 
2020-07-03 20:16:45,393 [   6983]   INFO - pl.local.NativeFileWatcherImpl - Starting file watcher: /Users/rfreedman/.gradle/caches/modules-2/files-2.1/com.jetbrains.intellij.idea/ideaIC/2020.1/cbeeb1f1aebd4c9ea8fb5ab990c5904a676fc41a/ideaIC-2020.1/bin/mac/fsnotifier 
2020-07-03 20:16:45,411 [   7001]   INFO - il.indexing.FileBasedIndexImpl - index version changed for 'FrameworkDetectionIndex'; old = -1, new = 0 
2020-07-03 20:16:45,446 [   7036]   INFO - pl.local.NativeFileWatcherImpl - Native file watcher is operational. 
2020-07-03 20:16:45,526 [   7116]   INFO - il.indexing.FileBasedIndexImpl - index version changed for 'TodoIndex'; old = -1, new = 4107 
2020-07-03 20:16:45,550 [   7140]   INFO - il.indexing.FileBasedIndexImpl - index version changed for 'IdIndex'; old = -1, new = 4112 
2020-07-03 20:16:45,605 [   7195]   INFO - il.indexing.FileBasedIndexImpl - index version changed for 'filetypes'; old = -1, new = 2 
2020-07-03 20:16:45,693 [   7283]   INFO - il.indexing.FileBasedIndexImpl - index version changed for 'Stubs'; old = -1, new = 46 
2020-07-03 20:16:45,900 [   7490]   INFO - il.indexing.FileBasedIndexImpl - index version changed for 'Trigram.Index'; old = -1, new = 4099 
2020-07-03 20:16:45,971 [   7561]   INFO - il.indexing.FileBasedIndexImpl - index version changed for 'fileIncludes'; old = -1, new = 6 
2020-07-03 20:16:46,070 [   7660]   INFO - il.indexing.FileBasedIndexImpl - index version changed for 'DomFileIndex'; old = -1, new = -1189920956 
2020-07-03 20:16:46,157 [   7747]   INFO - il.indexing.FileBasedIndexImpl - index version changed for 'RelaxSymbolIndex'; old = -1, new = 0 
2020-07-03 20:16:46,198 [   7788]   INFO - il.indexing.FileBasedIndexImpl - index version changed for 'XmlTagNames'; old = -1, new = 1 
2020-07-03 20:16:46,246 [   7836]   INFO - il.indexing.FileBasedIndexImpl - index version changed for 'XmlNamespaces'; old = -1, new = 7 
2020-07-03 20:16:46,292 [   7882]   INFO - il.indexing.FileBasedIndexImpl - index version changed for 'html5.custom.attributes.index'; old = -1, new = 1 
2020-07-03 20:16:46,330 [   7920]   INFO - il.indexing.FileBasedIndexImpl - index version changed for 'SchemaTypeInheritance'; old = -1, new = 2 
2020-07-03 20:16:46,361 [   7951]   INFO - il.indexing.FileBasedIndexImpl - index version changed for 'json.file.root.values'; old = -1, new = 5 
2020-07-03 20:16:46,392 [   7982]   INFO - il.indexing.FileBasedIndexImpl - index version changed for 'ImageFileInfoIndex'; old = -1, new = 8 
2020-07-03 20:16:46,422 [   8012]   INFO - il.indexing.FileBasedIndexImpl - index version changed for 'XsltSymbolIndex'; old = -1, new = 0 
2020-07-03 20:16:46,454 [   8044]   INFO - il.indexing.FileBasedIndexImpl - index version changed for 'bytecodeAnalysis'; old = -1, new = 4107 
2020-07-03 20:16:46,489 [   8079]   INFO - il.indexing.FileBasedIndexImpl - index version changed for 'java.auto.module.name'; old = -1, new = 5 
2020-07-03 20:16:46,522 [   8112]   INFO - il.indexing.FileBasedIndexImpl - index version changed for 'java.source.module.name'; old = -1, new = 2 
2020-07-03 20:16:46,554 [   8144]   INFO - il.indexing.FileBasedIndexImpl - index version changed for 'java.null.method.argument'; old = -1, new = 4097 
2020-07-03 20:16:46,589 [   8179]   INFO - il.indexing.FileBasedIndexImpl - index version changed for 'java.simple.property'; old = -1, new = 3 
2020-07-03 20:16:46,617 [   8207]   INFO - il.indexing.FileBasedIndexImpl - index version changed for 'java.fun.expression'; old = -1, new = 4100 
2020-07-03 20:16:46,652 [   8242]   INFO - il.indexing.FileBasedIndexImpl - index version changed for 'java.binary.plus.expression'; old = -1, new = 4099 
2020-07-03 20:16:46,687 [   8277]   INFO - il.indexing.FileBasedIndexImpl - index version changed for 'RefQueueIndex'; old = -1, new = 0 
2020-07-03 20:16:46,719 [   8309]   INFO - il.indexing.FileBasedIndexImpl - index version changed for 'xmlProperties'; old = -1, new = 2 
2020-07-03 20:16:46,751 [   8341]   INFO - il.indexing.FileBasedIndexImpl - index version changed for 'ant-imports'; old = -1, new = 5 
2020-07-03 20:16:46,783 [   8373]   INFO - il.indexing.FileBasedIndexImpl - index version changed for 'groovy.trait.fields'; old = -1, new = 5 
2020-07-03 20:16:46,811 [   8401]   INFO - il.indexing.FileBasedIndexImpl - index version changed for 'groovy.trait.methods'; old = -1, new = 25 
2020-07-03 20:16:46,840 [   8430]   INFO - il.indexing.FileBasedIndexImpl - index version changed for 'org.jetbrains.kotlin.idea.versions.KotlinJvmMetadataVersionIndex'; old = -1, new = 5 
2020-07-03 20:16:46,873 [   8463]   INFO - il.indexing.FileBasedIndexImpl - index version changed for 'org.jetbrains.kotlin.idea.versions.KotlinJsMetadataVersionIndex'; old = -1, new = 3 
2020-07-03 20:16:46,905 [   8495]   INFO - il.indexing.FileBasedIndexImpl - index version changed for 'org.jetbrains.kotlin.idea.vfilefinder.KotlinClassFileIndex'; old = -1, new = 3 
2020-07-03 20:16:46,936 [   8526]   INFO - il.indexing.FileBasedIndexImpl - index version changed for 'org.jetbrains.kotlin.idea.vfilefinder.KotlinJavaScriptMetaFileIndex'; old = -1, new = 4 
2020-07-03 20:16:46,968 [   8558]   INFO - il.indexing.FileBasedIndexImpl - index version changed for 'org.jetbrains.kotlin.idea.vfilefinder.KotlinMetadataFileIndex'; old = -1, new = 1 
2020-07-03 20:16:47,000 [   8590]   INFO - il.indexing.FileBasedIndexImpl - index version changed for 'org.jetbrains.kotlin.idea.vfilefinder.KotlinMetadataFilePackageIndex'; old = -1, new = 1 
2020-07-03 20:16:47,031 [   8621]   INFO - il.indexing.FileBasedIndexImpl - index version changed for 'org.jetbrains.kotlin.idea.vfilefinder.KotlinModuleMappingIndex'; old = -1, new = 5 
2020-07-03 20:16:47,063 [   8653]   INFO - il.indexing.FileBasedIndexImpl - index version changed for 'org.jetbrains.kotlin.idea.vfilefinder.KotlinPackageSourcesMemberNamesIndex'; old = -1, new = 2 
2020-07-03 20:16:47,097 [   8687]   INFO - il.indexing.FileBasedIndexImpl - index version changed for 'org.jetbrains.kotlin.idea.vfilefinder.KotlinJvmModuleAnnotationsIndex'; old = -1, new = 1 
2020-07-03 20:16:47,129 [   8719]   INFO - il.indexing.FileBasedIndexImpl - index version changed for 'org.jetbrains.kotlin.ide.konan.index.KotlinNativeMetaFileIndex'; old = -1, new = 4 
2020-07-03 20:16:47,162 [   8752]   INFO - il.indexing.FileBasedIndexImpl - index version changed for 'com.intellij.uiDesigner.FormClassIndex'; old = -1, new = 0 
2020-07-03 20:16:47,193 [   8783]   INFO - il.indexing.FileBasedIndexImpl - index version changed for 'IdeaPluginRegistrationIndex'; old = -1, new = 3 
2020-07-03 20:16:47,226 [   8816]   INFO - il.indexing.FileBasedIndexImpl - index version changed for 'PluginIdModuleIndex'; old = -1, new = 1 
2020-07-03 20:16:47,258 [   8848]   INFO - il.indexing.FileBasedIndexImpl - index version changed for 'PluginIdDependenciesIndex'; old = -1, new = 1 
2020-07-03 20:16:47,289 [   8879]   INFO - il.indexing.FileBasedIndexImpl - index version changed for 'devkit.ExtensionPointIndex'; old = -1, new = 0 
2020-07-03 20:16:47,322 [   8912]   INFO - il.indexing.FileBasedIndexImpl - index version changed for 'JavaFxControllerClassIndex'; old = -1, new = 1 
2020-07-03 20:16:47,353 [   8943]   INFO - il.indexing.FileBasedIndexImpl - index version changed for 'javafx.id.name'; old = -1, new = 2 
2020-07-03 20:16:47,385 [   8975]   INFO - il.indexing.FileBasedIndexImpl - index version changed for 'javafx.custom.component'; old = -1, new = 1 
2020-07-03 20:16:47,416 [   9006]   INFO - il.indexing.FileBasedIndexImpl - index version changed for 'editorconfig.index.name'; old = -1, new = 5 
2020-07-03 20:16:47,449 [   9039]   INFO - il.indexing.FileBasedIndexImpl - index version changed for 'BindingXmlIndex'; old = -1, new = 7 
2020-07-03 20:16:47,482 [   9072]   INFO - il.indexing.FileBasedIndexImpl - index version changed for 'yaml.keys.name'; old = -1, new = 1 
2020-07-03 20:16:47,517 [   9107]   INFO - il.indexing.FileBasedIndexImpl - Indices to be rebuilt after corruption:FilenameIndex,FrameworkDetectionIndex,TodoIndex,IdIndex,filetypes,Stubs,Trigram.Index,fileIncludes,DomFileIndex,RelaxSymbolIndex,XmlTagNames,XmlNamespaces,html5.custom.attributes.index,SchemaTypeInheritance,json.file.root.values,ImageFileInfoIndex,XsltSymbolIndex,bytecodeAnalysis,java.auto.module.name,java.source.module.name,java.null.method.argument,java.simple.property,java.fun.expression,java.binary.plus.expression,RefQueueIndex,xmlProperties,ant-imports,groovy.trait.fields,groovy.trait.methods,org.jetbrains.kotlin.idea.versions.KotlinJvmMetadataVersionIndex,org.jetbrains.kotlin.idea.versions.KotlinJsMetadataVersionIndex,org.jetbrains.kotlin.idea.vfilefinder.KotlinClassFileIndex,org.jetbrains.kotlin.idea.vfilefinder.KotlinJavaScriptMetaFileIndex,org.jetbrains.kotlin.idea.vfilefinder.KotlinMetadataFileIndex,org.jetbrains.kotlin.idea.vfilefinder.KotlinMetadataFilePackageIndex,org.jetbrains.kotlin.idea.vfilefinder.KotlinModuleMappingIndex,org.jetbrains.kotlin.idea.vfilefinder.KotlinPackageSourcesMemberNamesIndex,org.jetbrains.kotlin.idea.vfilefinder.KotlinJvmModuleAnnotationsIndex,org.jetbrains.kotlin.ide.konan.index.KotlinNativeMetaFileIndex,com.intellij.uiDesigner.FormClassIndex,IdeaPluginRegistrationIndex,PluginIdModuleIndex,PluginIdDependenciesIndex,devkit.ExtensionPointIndex,JavaFxControllerClassIndex,javafx.id.name,javafx.custom.component,editorconfig.index.name,BindingXmlIndex,yaml.keys.name 
2020-07-03 20:16:47,521 [   9111]   INFO - leBasedIndexDataInitialization - Initialization done: 2805 
2020-07-03 20:16:47,557 [   9147]   INFO - il.indexing.FileBasedIndexImpl - index version changed for 'dom.namespaceKey'; old = -1, new = 1 
2020-07-03 20:16:47,601 [   9191]   INFO - il.indexing.FileBasedIndexImpl - index version changed for 'dom.elementClass'; old = -1, new = 0 
2020-07-03 20:16:47,644 [   9234]   INFO - il.indexing.FileBasedIndexImpl - index version changed for 'java.module.name'; old = -1, new = 4 
2020-07-03 20:16:47,684 [   9274]   INFO - il.indexing.FileBasedIndexImpl - index version changed for 'java.method.parameter.types'; old = -1, new = 3 
2020-07-03 20:16:47,687 [   9277]   INFO - il.indexing.FileBasedIndexImpl - index version changed for 'java.class.extlist'; old = -1, new = 3 
2020-07-03 20:16:47,690 [   9280]   INFO - il.indexing.FileBasedIndexImpl - index version changed for 'java.class.shortname'; old = -1, new = 4 
2020-07-03 20:16:47,694 [   9284]   INFO - il.indexing.FileBasedIndexImpl - index version changed for 'jvm.static.member.type'; old = -1, new = 2 
2020-07-03 20:16:47,697 [   9287]   INFO - il.indexing.FileBasedIndexImpl - index version changed for 'jvm.static.member.name'; old = -1, new = 2 
2020-07-03 20:16:47,700 [   9290]   INFO - il.indexing.FileBasedIndexImpl - index version changed for 'java.method.name'; old = -1, new = 2 
2020-07-03 20:16:47,704 [   9294]   INFO - il.indexing.FileBasedIndexImpl - index version changed for 'java.class.fqn'; old = -1, new = 1 
2020-07-03 20:16:47,708 [   9298]   INFO - il.indexing.FileBasedIndexImpl - index version changed for 'java.field.name'; old = -1, new = 2 
2020-07-03 20:16:47,711 [   9301]   INFO - il.indexing.FileBasedIndexImpl - index version changed for 'java.anonymous.baseref'; old = -1, new = 2 
2020-07-03 20:16:47,714 [   9304]   INFO - il.indexing.FileBasedIndexImpl - index version changed for 'java.annotations'; old = -1, new = 2 
2020-07-03 20:16:47,717 [   9307]   INFO - il.indexing.FileBasedIndexImpl - index version changed for 'markdown.header'; old = -1, new = 2 
2020-07-03 20:16:47,720 [   9310]   INFO - il.indexing.FileBasedIndexImpl - index version changed for 'properties.index'; old = -1, new = 2 
2020-07-03 20:16:47,724 [   9314]   INFO - il.indexing.FileBasedIndexImpl - index version changed for 'gr.class.fqn'; old = -1, new = 1 
2020-07-03 20:16:47,727 [   9317]   INFO - il.indexing.FileBasedIndexImpl - index version changed for 'gr.script.fqn'; old = -1, new = 2 
2020-07-03 20:16:47,769 [   9359]   INFO - il.indexing.FileBasedIndexImpl - index version changed for 'gr.field.name'; old = -1, new = 2 
2020-07-03 20:16:47,772 [   9362]   INFO - il.indexing.FileBasedIndexImpl - index version changed for 'gr.method.name'; old = -1, new = 2 
2020-07-03 20:16:47,776 [   9366]   INFO - il.indexing.FileBasedIndexImpl - index version changed for 'gr.annot.method.name'; old = -1, new = 2 
2020-07-03 20:16:47,779 [   9369]   INFO - il.indexing.FileBasedIndexImpl - index version changed for 'gr.annot.members'; old = -1, new = 2 
2020-07-03 20:16:47,782 [   9372]   INFO - il.indexing.FileBasedIndexImpl - index version changed for 'gr.script.class'; old = -1, new = 2 
2020-07-03 20:16:47,787 [   9377]   INFO - il.indexing.FileBasedIndexImpl - index version changed for 'gr.class.super'; old = -1, new = 2 
2020-07-03 20:16:47,790 [   9380]   INFO - il.indexing.FileBasedIndexImpl - index version changed for 'gr.anonymous.class'; old = -1, new = 3 
2020-07-03 20:16:47,794 [   9384]   INFO - il.indexing.FileBasedIndexImpl - index version changed for 'org.jetbrains.kotlin.idea.stubindex.KotlinExactPackagesIndex'; old = -1, new = 2 
2020-07-03 20:16:47,798 [   9388]   INFO - il.indexing.FileBasedIndexImpl - index version changed for 'org.jetbrains.kotlin.idea.stubindex.KotlinTopLevelClassByPackageIndex'; old = -1, new = 2 
2020-07-03 20:16:47,802 [   9392]   INFO - il.indexing.FileBasedIndexImpl - index version changed for 'org.jetbrains.kotlin.idea.stubindex.KotlinTopLevelFunctionByPackageIndex'; old = -1, new = 2 
2020-07-03 20:16:47,806 [   9396]   INFO - il.indexing.FileBasedIndexImpl - index version changed for 'org.jetbrains.kotlin.idea.stubindex.KotlinTopLevelPropertyByPackageIndex'; old = -1, new = 2 
2020-07-03 20:16:47,809 [   9399]   INFO - il.indexing.FileBasedIndexImpl - index version changed for 'org.jetbrains.kotlin.idea.stubindex.KotlinTopLevelTypeAliasByPackageIndex'; old = -1, new = 2 
2020-07-03 20:16:47,851 [   9441]   INFO - il.indexing.FileBasedIndexImpl - index version changed for 'org.jetbrains.kotlin.idea.stubindex.KotlinClassShortNameIndex'; old = -1, new = 2 
2020-07-03 20:16:47,856 [   9446]   INFO - il.indexing.FileBasedIndexImpl - index version changed for 'org.jetbrains.kotlin.idea.stubindex.KotlinFullClassNameIndex'; old = -1, new = 2 
2020-07-03 20:16:47,859 [   9449]   INFO - il.indexing.FileBasedIndexImpl - index version changed for 'org.jetbrains.kotlin.idea.stubindex.KotlinPropertyShortNameIndex'; old = -1, new = 2 
2020-07-03 20:16:47,863 [   9453]   INFO - il.indexing.FileBasedIndexImpl - index version changed for 'org.jetbrains.kotlin.idea.stubindex.KotlinFunctionShortNameIndex'; old = -1, new = 2 
2020-07-03 20:16:47,866 [   9456]   INFO - il.indexing.FileBasedIndexImpl - index version changed for 'org.jetbrains.kotlin.idea.stubindex.KotlinTypeAliasShortNameIndex'; old = -1, new = 2 
2020-07-03 20:16:47,870 [   9460]   INFO - il.indexing.FileBasedIndexImpl - index version changed for 'org.jetbrains.kotlin.idea.stubindex.KotlinSuperClassIndex'; old = -1, new = 2 
2020-07-03 20:16:47,876 [   9466]   INFO - il.indexing.FileBasedIndexImpl - index version changed for 'org.jetbrains.kotlin.idea.stubindex.KotlinTopLevelFunctionFqnNameIndex'; old = -1, new = 2 
2020-07-03 20:16:47,880 [   9470]   INFO - il.indexing.FileBasedIndexImpl - index version changed for 'org.jetbrains.kotlin.idea.stubindex.KotlinTopLevelPropertyFqnNameIndex'; old = -1, new = 2 
2020-07-03 20:16:47,884 [   9474]   INFO - il.indexing.FileBasedIndexImpl - index version changed for 'org.jetbrains.kotlin.idea.stubindex.KotlinTopLevelTypeAliasFqNameIndex'; old = -1, new = 2 
2020-07-03 20:16:47,888 [   9478]   INFO - il.indexing.FileBasedIndexImpl - index version changed for 'org.jetbrains.kotlin.idea.stubindex.KotlinTopLevelExtensionsByReceiverTypeIndex'; old = -1, new = 2 
2020-07-03 20:16:47,895 [   9485]   INFO - il.indexing.FileBasedIndexImpl - index version changed for 'org.jetbrains.kotlin.idea.stubindex.KotlinAnnotationsIndex'; old = -1, new = 3 
2020-07-03 20:16:47,938 [   9528]   INFO - il.indexing.FileBasedIndexImpl - index version changed for 'org.jetbrains.kotlin.idea.stubindex.KotlinProbablyNothingFunctionShortNameIndex'; old = -1, new = 2 
2020-07-03 20:16:47,942 [   9532]   INFO - il.indexing.FileBasedIndexImpl - index version changed for 'org.jetbrains.kotlin.idea.stubindex.KotlinProbablyNothingPropertyShortNameIndex'; old = -1, new = 2 
2020-07-03 20:16:47,947 [   9537]   INFO - il.indexing.FileBasedIndexImpl - index version changed for 'org.jetbrains.kotlin.idea.stubindex.KotlinProbablyContractedFunctionShortNameIndex'; old = -1, new = 2 
2020-07-03 20:16:47,951 [   9541]   INFO - il.indexing.FileBasedIndexImpl - index version changed for 'org.jetbrains.kotlin.idea.stubindex.KotlinFileFacadeFqNameIndex'; old = -1, new = 2 
2020-07-03 20:16:47,954 [   9544]   INFO - il.indexing.FileBasedIndexImpl - index version changed for 'org.jetbrains.kotlin.idea.stubindex.KotlinFilePartClassIndex'; old = -1, new = 2 
2020-07-03 20:16:47,957 [   9547]   INFO - il.indexing.FileBasedIndexImpl - index version changed for 'org.jetbrains.kotlin.idea.stubindex.KotlinFileFacadeClassByPackageIndex'; old = -1, new = 2 
2020-07-03 20:16:47,961 [   9551]   INFO - il.indexing.FileBasedIndexImpl - index version changed for 'org.jetbrains.kotlin.idea.stubindex.KotlinFileFacadeShortNameIndex'; old = -1, new = 2 
2020-07-03 20:16:47,964 [   9554]   INFO - il.indexing.FileBasedIndexImpl - index version changed for 'org.jetbrains.kotlin.idea.stubindex.KotlinMultifileClassPartIndex'; old = -1, new = 2 
2020-07-03 20:16:47,967 [   9557]   INFO - il.indexing.FileBasedIndexImpl - index version changed for 'org.jetbrains.kotlin.idea.stubindex.KotlinScriptFqnIndex'; old = -1, new = 2 
2020-07-03 20:16:47,971 [   9561]   INFO - il.indexing.FileBasedIndexImpl - index version changed for 'org.jetbrains.kotlin.idea.stubindex.KotlinTypeAliasByExpansionShortNameIndex'; old = -1, new = 2 
2020-07-03 20:16:47,975 [   9565]   INFO - il.indexing.FileBasedIndexImpl - index version changed for 'org.jetbrains.kotlin.idea.stubindex.KotlinOverridableInternalMembersShortNameIndex'; old = -1, new = 2 
2020-07-03 20:16:47,979 [   9569]   INFO - tellij.psi.stubs.StubIndexImpl - Following stub indices will be built:dom.namespaceKey,dom.elementClass,java.annotations,java.class.extlist,java.field.name,java.method.name,jvm.static.member.name,jvm.static.member.type,java.anonymous.baseref,java.method.parameter.types,java.class.shortname,java.class.fqn,java.module.name,markdown.header,properties.index,gr.class.fqn,gr.script.fqn,gr.field.name,gr.method.name,gr.annot.method.name,gr.annot.members,gr.script.class,gr.class.super,gr.anonymous.class,org.jetbrains.kotlin.idea.stubindex.KotlinExactPackagesIndex,org.jetbrains.kotlin.idea.stubindex.KotlinTopLevelClassByPackageIndex,org.jetbrains.kotlin.idea.stubindex.KotlinTopLevelFunctionByPackageIndex,org.jetbrains.kotlin.idea.stubindex.KotlinTopLevelPropertyByPackageIndex,org.jetbrains.kotlin.idea.stubindex.KotlinTopLevelTypeAliasByPackageIndex,org.jetbrains.kotlin.idea.stubindex.KotlinClassShortNameIndex,org.jetbrains.kotlin.idea.stubindex.KotlinFullClassNameIndex,org.jetbrains.kotlin.idea.stubindex.KotlinPropertyShortNameIndex,org.jetbrains.kotlin.idea.stubindex.KotlinFunctionShortNameIndex,org.jetbrains.kotlin.idea.stubindex.KotlinTypeAliasShortNameIndex,org.jetbrains.kotlin.idea.stubindex.KotlinSuperClassIndex,org.jetbrains.kotlin.idea.stubindex.KotlinTopLevelFunctionFqnNameIndex,org.jetbrains.kotlin.idea.stubindex.KotlinTopLevelPropertyFqnNameIndex,org.jetbrains.kotlin.idea.stubindex.KotlinTopLevelTypeAliasFqNameIndex,org.jetbrains.kotlin.idea.stubindex.KotlinTopLevelExtensionsByReceiverTypeIndex,org.jetbrains.kotlin.idea.stubindex.KotlinAnnotationsIndex,org.jetbrains.kotlin.idea.stubindex.KotlinProbablyNothingFunctionShortNameIndex,org.jetbrains.kotlin.idea.stubindex.KotlinProbablyNothingPropertyShortNameIndex,org.jetbrains.kotlin.idea.stubindex.KotlinProbablyContractedFunctionShortNameIndex,org.jetbrains.kotlin.idea.stubindex.KotlinFileFacadeFqNameIndex,org.jetbrains.kotlin.idea.stubindex.KotlinFilePartClassIndex,org.jetbrains.kotlin.idea.stubindex.KotlinFileFacadeClassByPackageIndex,org.jetbrains.kotlin.idea.stubindex.KotlinFileFacadeShortNameIndex,org.jetbrains.kotlin.idea.stubindex.KotlinMultifileClassPartIndex,org.jetbrains.kotlin.idea.stubindex.KotlinScriptFqnIndex,org.jetbrains.kotlin.idea.stubindex.KotlinTypeAliasByExpansionShortNameIndex,org.jetbrains.kotlin.idea.stubindex.KotlinOverridableInternalMembersShortNameIndex 
2020-07-03 20:16:47,979 [   9569]   INFO - exImpl$StubIndexInitialization - Initialization done: 458 
2020-07-03 20:16:48,327 [   9917]   INFO - gs.impl.UpdateCheckerComponent - channel: release 
2020-07-03 20:16:48,412 [  10002]   INFO - penapi.application.Experiments - Experimental features enabled for user: wsl.p9.support, wsl.p9.show.roots.in.file.chooser, inline.browse.button, linux.native.menu, recent.and.edited.files.together, show.create.new.element.in.popup, copy.reference.popup, new.large.text.file.viewer, property.value.inplace.editing 
2020-07-03 20:16:48,463 [  10053]   WARN - nSystem.impl.ActionManagerImpl - keymap "Xcode" not found [Plugin: com.intellij] 
2020-07-03 20:16:48,804 [  10394]   INFO -   #com.intellij.util.Restarter - not supported: not a bundle: /Users/rfreedman/.gradle/caches/modules-2/files-2.1/com.jetbrains.intellij.idea/ideaIC/2020.1/cbeeb1f1aebd4c9ea8fb5ab990c5904a676fc41a/ideaIC-2020.1 
2020-07-03 20:17:05,399 [  26989]   INFO - BridgeProjectLifecycleListener - Using legacy project model to open project 
2020-07-03 20:17:05,546 [  27136]   INFO - rojectCodeStyleSettingsManager - Initialized from default code style settings. 
2020-07-03 20:17:06,197 [  27787]   INFO - penapi.project.DumbServiceImpl - cancel com.intellij.openapi.roots.impl.PushedFilePropertiesUpdaterImpl$3@721fedb1 
2020-07-03 20:17:06,205 [  27795]   INFO - penapi.project.DumbServiceImpl - cancel com.intellij.openapi.roots.impl.PushedFilePropertiesUpdaterImpl$3@721fedb1 
2020-07-03 20:17:06,842 [  28432]   INFO - j.ide.script.IdeStartupScripts - 0 startup script(s) found 
2020-07-03 20:17:07,072 [  28662]   INFO - ge.ExternalProjectsDataStorage - Load external projects data in 9 millis (read time: 2) 
2020-07-03 20:17:07,330 [  28920]   INFO - .diagnostic.PerformanceWatcher - Post-startup activities under progress took 385ms; general responsiveness: ok; EDT responsiveness: ok 
2020-07-03 20:17:07,774 [  29364]   WARN - Container.ComponentManagerImpl - Do not use constructor injection (requestorClass=com.android.tools.idea.sdk.AndroidSdks) 
2020-07-03 20:17:07,898 [  29488]   WARN - openapi.wm.impl.ToolWindowImpl - ToolWindow icons should be 13x13. Please fix ToolWindow (ID:  Problems View) or icon jar:file:/Users/rfreedman/.gradle/caches/modules-2/files-2.1/com.jetbrains.intellij.idea/ideaIC/2020.1/cbeeb1f1aebd4c9ea8fb5ab990c5904a676fc41a/ideaIC-2020.1/lib/icons.jar!/general/warning.svg 
2020-07-03 20:17:08,330 [  29920]   INFO - CompilerWorkspaceConfiguration - Available processors: 8 
2020-07-03 20:17:08,527 [  30117]   INFO - penapi.project.DumbServiceImpl - Running dumb mode task: com.intellij.util.indexing.UnindexedFilesUpdater@1cb7ea1a 
2020-07-03 20:17:08,550 [  30140]   INFO - .diagnostic.PerformanceWatcher - Pushing properties took 20ms; general responsiveness: ok; EDT responsiveness: ok 
2020-07-03 20:17:09,285 [  30875]   INFO - rationStore.ComponentStoreImpl - Saving appDebuggerSettings took 29 ms 
2020-07-03 20:17:09,288 [  30878]   INFO - tor.impl.FileEditorManagerImpl - Project opening took 4032 ms 
2020-07-03 20:17:09,542 [  31132]   INFO - rationStore.ComponentStoreImpl - Saving Module: 'untitled4'NewModuleRootManager took 39 ms 
2020-07-03 20:17:09,842 [  31432]   WARN - com.intellij.util.xmlb.Binding - no accessors for class org.jetbrains.kotlin.idea.core.script.configuration.utils.ScriptClassRootsStorage 
2020-07-03 20:17:09,878 [  31468]   INFO - rationStore.ComponentStoreImpl - Saving Project (name=untitled4, containerState=ACTIVE, componentStore=/Users/rfreedman/IdeaProjects/untitled4) XDebuggerManager took 11 ms 
2020-07-03 20:17:10,118 [  31708]   INFO - mponents.impl.stores.StoreUtil - saveProjectsAndApp took 2853 ms 
2020-07-03 20:17:12,346 [  33936]   WARN - .intellij.diagnostic.VMOptions - VM options file not configured 
2020-07-03 20:17:12,346 [  33936]   INFO - gnostic.MemorySizeConfigurator - Physical memory 16384M, minimum memory size 256M, -Xmx adjusted from 512M to 2048M 
2020-07-03 20:17:14,479 [  36069]   INFO - .diagnostic.PerformanceWatcher - Indexable file iteration took 5925ms; general responsiveness: ok; EDT responsiveness: 1/6 sluggish, 1/6 very slow 
2020-07-03 20:17:14,504 [  36094]   INFO - indexing.UnindexedFilesUpdater - Unindexed files update started: 53289 files to update 
2020-07-03 20:17:56,106 [  77696]   INFO - .diagnostic.PerformanceWatcher - Unindexed files update took 41602ms; general responsiveness: ok; EDT responsiveness: ok 
2020-07-03 20:17:56,110 [  77700]   INFO - penapi.project.DumbServiceImpl - Running dumb mode task: com.intellij.openapi.roots.impl.PushedFilePropertiesUpdaterImpl$3@6e9a49b4 
2020-07-03 20:17:56,112 [  77702]   INFO - penapi.project.DumbServiceImpl - updateFinished 
2020-07-03 20:17:56,113 [  77703]   INFO - g.FileBasedIndexProjectHandler - Has changed files: false; project=Project (name=untitled4, containerState=ACTIVE, componentStore=/Users/rfreedman/IdeaProjects/untitled4)  
2020-07-03 20:17:56,250 [  77840]   INFO - penapi.project.DumbServiceImpl - Running dumb mode task: com.android.tools.idea.res.ResourceFolderRepositoryFileCacheImpl$PruneTask@3ab5d14c 
2020-07-03 20:17:56,264 [  77854]   INFO - penapi.project.DumbServiceImpl - Running dumb mode task: com.android.tools.idea.res.ResourceFolderRepositoryFileCacheImpl$ManageLruProjectFilesTask@1e06d766 
2020-07-03 20:17:56,268 [  77858]   INFO - penapi.project.DumbServiceImpl - updateFinished 
2020-07-03 20:17:56,269 [  77859]   INFO - g.FileBasedIndexProjectHandler - Has changed files: false; project=Project (name=untitled4, containerState=ACTIVE, componentStore=/Users/rfreedman/IdeaProjects/untitled4)  
2020-07-03 20:17:56,286 [  77876]   INFO - penapi.project.DumbServiceImpl - Running dumb mode task: com.android.tools.idea.res.ResourceFolderRegistry$PopulateCachesTask@2d7b52f7 
2020-07-03 20:17:56,294 [  77884]   INFO - penapi.project.DumbServiceImpl - updateFinished 
2020-07-03 20:17:56,295 [  77885]   INFO - g.FileBasedIndexProjectHandler - Has changed files: false; project=Project (name=untitled4, containerState=ACTIVE, componentStore=/Users/rfreedman/IdeaProjects/untitled4)  
2020-07-03 20:18:02,372 [  83962]   INFO -                         STDOUT - quacking! 
2020-07-03 20:18:11,766 [  93356]   WARN - com.intellij.util.xmlb.Binding - no accessors for class org.jetbrains.kotlin.idea.scripting.gradle.GradleScriptInputsWatcher$Storage 
2020-07-03 20:18:13,954 [  95544]   INFO - oader.EventLogExternalUploader - Started external process for uploading event log 
2020-07-03 20:18:13,977 [  95567]   INFO - pl.local.NativeFileWatcherImpl - Watcher terminated with exit code 0 
2020-07-03 20:18:13,978 [  95568]   INFO - org.jetbrains.io.BuiltInServer - web server stopped 
2020-07-03 20:18:14,357 [  95947]   INFO - Types.impl.FileTypeManagerImpl - 149 auto-detected files. Detection took 127 ms 
2020-07-03 20:18:14,358 [  95948]   INFO - il.indexing.FileBasedIndexImpl - START INDEX SHUTDOWN 
2020-07-03 20:18:14,552 [  96142]   INFO - tellij.psi.stubs.StubIndexImpl - StubIndexExtension-s were unloaded 
2020-07-03 20:18:14,605 [  96195]   INFO - il.indexing.FileBasedIndexImpl - END INDEX SHUTDOWN 
2020-07-03 20:18:14,605 [  96195]   INFO - newvfs.persistent.PersistentFS - VFS dispose started 
2020-07-03 20:18:14,609 [  96199]   INFO - newvfs.persistent.PersistentFS - VFS dispose completed 
2020-07-03 20:18:14,609 [  96199]   INFO - stubs.SerializationManagerImpl - START StubSerializationManager SHUTDOWN 
2020-07-03 20:18:14,609 [  96199]   INFO - stubs.SerializationManagerImpl - END StubSerializationManager SHUTDOWN 
2020-07-03 20:18:14,611 [  96201]   INFO - plication.impl.ApplicationImpl - Write action Statistics:
Event number:     28
Total time spent: 3733ms
Average duration: 133ms
Median  duration: 0ms
Max     duration: 2391ms (it was 'write action (class com.intellij.openapi.projectRoots.impl.DefaultJdkConfigurator$$Lambda$555/0x000000080059c040)') 
2020-07-03 20:18:14,611 [  96201]   INFO - plication.impl.ApplicationImpl - AnAction.update() Statistics:
Event number:     3659
Total time spent: 263ms
Average duration: 0ms
Median  duration: 0ms
Max     duration: 70ms (it was 'Create New Project action update (class com.intellij.ide.actions.NewProjectAction)') 
2020-07-03 20:18:14,612 [  96202]   INFO - plication.impl.ApplicationImpl - Global instance threads created counter = 13; ProcessIOExecutorService threads: 4 
2020-07-03 20:18:14,612 [  96202]   INFO -        #com.intellij.idea.Main - ------------------------------------------------------ IDE SHUTDOWN ------------------------------------------------------ 
2020-07-03 20:18:14,614 [  96204]   INFO - org.jetbrains.io.BuiltInServer - web server stopped 
